<?xml version="1.0" encoding="UTF-8"?>
<!-- Generated by org.testng.reporters.JUnitXMLReporter -->
<testsuite hostname="Amar-PC" name="Test" tests="9" failures="5" timestamp="26 Nov 2015 11:54:45 GMT" time="0.09" errors="0">
  <testcase name="MyTestFour" time="0.02" classname="MavenTestCases.TestClass2">
    <failure type="java.lang.AssertionError" message="expected:&amp;lt;20&amp;gt; but was:&amp;lt;15&amp;gt;">
      <![CDATA[java.lang.AssertionError: expected:<20> but was:<15>
	at MavenTestCases.TestClass2.MyTestFour(TestClass2.java:29)
... Removed 29 stack frames]]>
    </failure>
  </testcase> <!-- MyTestFour -->
  <testcase name="MyTestThree" time="0.001" classname="MavenTestCases.TestClass2"/>
  <testcase name="MyTestTwo" time="0.002" classname="MavenTestCases.TestClass2"/>
  <testcase name="MyTestfive" time="0.001" classname="MavenTestCases.TestClass2">
    <failure type="java.lang.AssertionError" message="expected:&amp;lt;20&amp;gt; but was:&amp;lt;15&amp;gt;">
      <![CDATA[java.lang.AssertionError: expected:<20> but was:<15>
	at MavenTestCases.TestClass2.MyTestfive(TestClass2.java:35)
... Removed 29 stack frames]]>
    </failure>
  </testcase> <!-- MyTestfive -->
  <testcase name="Test1" time="0.002" classname="MavenTestCases.TestClass1">
    <failure type="java.lang.AssertionError" message="expected:&amp;lt;20&amp;gt; but was:&amp;lt;15&amp;gt;">
      <![CDATA[java.lang.AssertionError: expected:<20> but was:<15>
	at MavenTestCases.TestClass1.Test1(TestClass1.java:13)
... Removed 29 stack frames]]>
    </failure>
  </testcase> <!-- Test1 -->
  <testcase name="Test2" time="0.003" classname="MavenTestCases.TestClass1"/>
  <testcase name="Test3" time="0.001" classname="MavenTestCases.TestClass1"/>
  <testcase name="Test4" time="0.001" classname="MavenTestCases.TestClass1">
    <failure type="java.lang.AssertionError" message="expected:&amp;lt;20&amp;gt; but was:&amp;lt;15&amp;gt;">
      <![CDATA[java.lang.AssertionError: expected:<20> but was:<15>
	at MavenTestCases.TestClass1.Test4(TestClass1.java:31)
... Removed 29 stack frames]]>
    </failure>
  </testcase> <!-- Test4 -->
  <testcase name="Test5" time="0.001" classname="MavenTestCases.TestClass1">
    <failure type="java.lang.AssertionError" message="expected:&amp;lt;20&amp;gt; but was:&amp;lt;15&amp;gt;">
      <![CDATA[java.lang.AssertionError: expected:<20> but was:<15>
	at MavenTestCases.TestClass1.Test5(TestClass1.java:37)
... Removed 29 stack frames]]>
    </failure>
  </testcase> <!-- Test5 -->
</testsuite> <!-- Test -->
